<?xml version="1.0" encoding="UTF-8"?>
<!-- Generated by org.testng.reporters.JUnitReportReporter -->
<testsuite hostname="DESKTOP-MV778GF" failures="0" tests="1" name="com.TestCases.LoginTest" time="0.000" errors="0" timestamp="2022-11-08T11:15:40 IST" skipped="1">
  <testcase classname="com.TestCases.LoginTest" name="login" time="0.000">
    <skipped/>
  </testcase> <!-- login -->
  <system-out/>
</testsuite> <!-- com.TestCases.LoginTest -->
