<?xml version="1.0" encoding="UTF-8"?>
<!-- Generated by org.testng.reporters.JUnitReportReporter -->
<testsuite hostname="DESKTOP-MV778GF" failures="0" tests="4" name="com.TestCases.FlightDropDownTest" time="385.901" errors="0" timestamp="2022-11-08T11:15:40 IST" skipped="0">
  <testcase classname="com.TestCases.FlightDropDownTest" name="oneWayTest" time="168.939"/>
  <system-out>
    <![CDATA[onTestStart:----oneWayTest
onTestSuccess:--oneWayTest]]>
  </system-out>
  <testcase classname="com.TestCases.FlightDropDownTest" name="getRoundtripTest" time="12.912"/>
  <system-out>
    <![CDATA[onTestStart:----getRoundtripTest
onTestSuccess:--getRoundtripTest]]>
  </system-out>
  <testcase classname="com.TestCases.FlightDropDownTest" name="DepartingFromDropDown" time="15.540"/>
  <system-out>
    <![CDATA[onTestStart:----DepartingFromDropDown
onTestSuccess:--DepartingFromDropDown]]>
  </system-out>
  <testcase classname="com.TestCases.FlightDropDownTest" name="passengerDropDown" time="188.510"/>
  <system-out>
    <![CDATA[onTestStart:----passengerDropDown
onTestSuccess:--passengerDropDown]]>
  </system-out>
</testsuite> <!-- com.TestCases.FlightDropDownTest -->
